[22:12:37] Temperature_C:28.99___Pressure_Pa100629___Humidity_RH72___VOC_Ohm42828___Noise_dBA57.5___Co2_ppm653
[22:13:37] Temperature_C:29.07___Pressure_Pa100630___Humidity_RH72___VOC_Ohm46895___Noise_dBA56___Co2_ppm650
[22:14:37] Temperature_C:29.12___Pressure_Pa100632___Humidity_RH71.5___VOC_Ohm49015___Noise_dBA55.5___Co2_ppm648
[22:15:37] Temperature_C:29.16___Pressure_Pa100632___Humidity_RH71.5___VOC_Ohm47086___Noise_dBA59.5___Co2_ppm644
[22:16:37] Temperature_C:29.21___Pressure_Pa100632___Humidity_RH71___VOC_Ohm51157___Noise_dBA59.5___Co2_ppm641
[22:17:37] Temperature_C:29.24___Pressure_Pa100631___Humidity_RH71___VOC_Ohm48937___Noise_dBA59.5___Co2_ppm640
[22:18:37] Temperature_C:29.31___Pressure_Pa100630___Humidity_RH71.5___VOC_Ohm49151___Noise_dBA59.5___Co2_ppm638
[22:19:37] Temperature_C:29.4___Pressure_Pa100630___Humidity_RH71.5___VOC_Ohm42902___Noise_dBA63___Co2_ppm643
[22:20:37] Temperature_C:29.42___Pressure_Pa100630___Humidity_RH71.5___VOC_Ohm40816___Noise_dBA63___Co2_ppm648
[22:21:37] Temperature_C:29.44___Pressure_Pa100630___Humidity_RH72___VOC_Ohm42926___Noise_dBA60___Co2_ppm654
[22:22:37] Temperature_C:29.49___Pressure_Pa100633___Humidity_RH72___VOC_Ohm42806___Noise_dBA59___Co2_ppm664
[22:23:37] Temperature_C:29.55___Pressure_Pa100633___Humidity_RH72___VOC_Ohm40917___Noise_dBA58.5___Co2_ppm667
[22:24:37] Temperature_C:29.64___Pressure_Pa100634___Humidity_RH72___VOC_Ohm38836___Noise_dBA59___Co2_ppm670
[22:25:37] Temperature_C:29.74___Pressure_Pa100633___Humidity_RH72___VOC_Ohm40821___Noise_dBA60.5___Co2_ppm673
[22:26:37] Temperature_C:29.85___Pressure_Pa100634___Humidity_RH72___VOC_Ohm34586___Noise_dBA60___Co2_ppm675
[22:27:37] Temperature_C:29.9___Pressure_Pa100634___Humidity_RH71.5___VOC_Ohm38834___Noise_dBA57.5___Co2_ppm673
[22:28:37] Temperature_C:29.79___Pressure_Pa100632___Humidity_RH72___VOC_Ohm49050___Noise_dBA57.5___Co2_ppm673
[22:29:37] Temperature_C:29.68___Pressure_Pa100632___Humidity_RH72___VOC_Ohm49134___Noise_dBA60___Co2_ppm680
[22:30:37] Temperature_C:29.6___Pressure_Pa100629___Humidity_RH72.5___VOC_Ohm48976___Noise_dBA59.5___Co2_ppm681
[22:31:37] Temperature_C:29.53___Pressure_Pa100630___Humidity_RH72.5___VOC_Ohm49023___Noise_dBA59___Co2_ppm677
[22:32:37] Temperature_C:29.48___Pressure_Pa100630___Humidity_RH72.5___VOC_Ohm44907___Noise_dBA61___Co2_ppm674
[22:33:37] Temperature_C:29.53___Pressure_Pa100629___Humidity_RH72.5___VOC_Ohm49002___Noise_dBA59___Co2_ppm673
[22:34:37] Temperature_C:29.59___Pressure_Pa100625___Humidity_RH72.5___VOC_Ohm51095___Noise_dBA58.5___Co2_ppm678
[22:35:37] Temperature_C:29.65___Pressure_Pa100627___Humidity_RH72.5___VOC_Ohm53117___Noise_dBA57___Co2_ppm677
[22:36:37] Temperature_C:29.72___Pressure_Pa100626___Humidity_RH72.5___VOC_Ohm44960___Noise_dBA58.5___Co2_ppm680
[22:37:37] Temperature_C:29.77___Pressure_Pa100624___Humidity_RH72.5___VOC_Ohm49151___Noise_dBA57___Co2_ppm686
[22:38:37] Temperature_C:29.8___Pressure_Pa100624___Humidity_RH72.5___VOC_Ohm49086___Noise_dBA58___Co2_ppm689
[22:39:37] Temperature_C:29.82___Pressure_Pa100626___Humidity_RH72.5___VOC_Ohm48946___Noise_dBA58.5___Co2_ppm693
[20:46:00] Temperature_C:29.05___Pressure_Pa100616___Humidity_RH71___VOC_Ohm47012___Noise_dBA55___Co2_ppm755
[20:47:00] Temperature_C:29.34___Pressure_Pa100617___Humidity_RH70.5___VOC_Ohm42782___Noise_dBA57___Co2_ppm746
[20:48:00] Temperature_C:29.61___Pressure_Pa100621___Humidity_RH69.5___VOC_Ohm44906___Noise_dBA56___Co2_ppm738
[20:49:00] Temperature_C:29.85___Pressure_Pa100623___Humidity_RH69___VOC_Ohm44993___Noise_dBA57___Co2_ppm730
[20:50:00] Temperature_C:30.07___Pressure_Pa100626___Humidity_RH68.5___VOC_Ohm53018___Noise_dBA57.5___Co2_ppm719
[20:51:00] Temperature_C:30.26___Pressure_Pa100628___Humidity_RH68___VOC_Ohm53154___Noise_dBA56___Co2_ppm718
[20:52:00] Temperature_C:30.43___Pressure_Pa100631___Humidity_RH67.5___VOC_Ohm53112___Noise_dBA56___Co2_ppm721
[20:53:00] Temperature_C:30.59___Pressure_Pa100635___Humidity_RH67___VOC_Ohm55101___Noise_dBA56.5___Co2_ppm718
[20:54:00] Temperature_C:30.74___Pressure_Pa100636___Humidity_RH66.5___VOC_Ohm51015___Noise_dBA57___Co2_ppm715
[20:55:00] Temperature_C:30.88___Pressure_Pa100640___Humidity_RH66___VOC_Ohm57304___Noise_dBA57.5___Co2_ppm717
[20:56:00] Temperature_C:30.99___Pressure_Pa100644___Humidity_RH66___VOC_Ohm57257___Noise_dBA59___Co2_ppm714
[20:57:00] Temperature_C:31.09___Pressure_Pa100645___Humidity_RH65.5___VOC_Ohm57164___Noise_dBA56___Co2_ppm707
[20:58:00] Temperature_C:31.2___Pressure_Pa100650___Humidity_RH65.5___VOC_Ohm55228___Noise_dBA56.5___Co2_ppm708
[20:59:00] Temperature_C:31.29___Pressure_Pa100652___Humidity_RH65.5___VOC_Ohm55176___Noise_dBA56___Co2_ppm715
[21:00:00] Temperature_C:31.37___Pressure_Pa100657___Humidity_RH65___VOC_Ohm55139___Noise_dBA58.5___Co2_ppm713
[21:01:00] Temperature_C:31.45___Pressure_Pa100658___Humidity_RH65___VOC_Ohm57253___Noise_dBA59.5___Co2_ppm713
[21:02:00] Temperature_C:31.52___Pressure_Pa100661___Humidity_RH64.5___VOC_Ohm53025___Noise_dBA59___Co2_ppm715
[21:03:00] Temperature_C:31.58___Pressure_Pa100662___Humidity_RH64.5___VOC_Ohm57313___Noise_dBA57___Co2_ppm719
[21:04:00] Temperature_C:31.64___Pressure_Pa100662___Humidity_RH64.5___VOC_Ohm59366___Noise_dBA59___Co2_ppm719
[21:05:00] Temperature_C:31.69___Pressure_Pa100664___Humidity_RH64___VOC_Ohm59344___Noise_dBA58___Co2_ppm722
[21:06:00] Temperature_C:31.71___Pressure_Pa100662___Humidity_RH64___VOC_Ohm61203___Noise_dBA56___Co2_ppm719
[21:07:00] Temperature_C:31.76___Pressure_Pa100664___Humidity_RH64___VOC_Ohm57225___Noise_dBA56.5___Co2_ppm719
[21:08:00] Temperature_C:31.81___Pressure_Pa100666___Humidity_RH64___VOC_Ohm57196___Noise_dBA57___Co2_ppm720
[21:09:00] Temperature_C:31.85___Pressure_Pa100666___Humidity_RH64___VOC_Ohm61428___Noise_dBA59___Co2_ppm720
[21:10:00] Temperature_C:31.88___Pressure_Pa100668___Humidity_RH63.5___VOC_Ohm57308___Noise_dBA55.5___Co2_ppm720
[21:11:00] Temperature_C:31.92___Pressure_Pa100668___Humidity_RH63.5___VOC_Ohm55185___Noise_dBA57.5___Co2_ppm719
[21:12:00] Temperature_C:31.97___Pressure_Pa100667___Humidity_RH63.5___VOC_Ohm57214___Noise_dBA55___Co2_ppm724
[21:13:00] Temperature_C:32___Pressure_Pa100668___Humidity_RH63.5___VOC_Ohm61200___Noise_dBA56.5___Co2_ppm724
[21:14:00] Temperature_C:32.02___Pressure_Pa100668___Humidity_RH63.5___VOC_Ohm61213___Noise_dBA57___Co2_ppm724
[21:15:00] Temperature_C:32.05___Pressure_Pa100669___Humidity_RH63.5___VOC_Ohm63326___Noise_dBA57.5___Co2_ppm726
[21:16:00] Temperature_C:32.08___Pressure_Pa100672___Humidity_RH63.5___VOC_Ohm59374___Noise_dBA57___Co2_ppm727
[21:17:00] Temperature_C:32.11___Pressure_Pa100672___Humidity_RH63.5___VOC_Ohm55104___Noise_dBA56.5___Co2_ppm725
[21:18:00] Temperature_C:32.13___Pressure_Pa100673___Humidity_RH63___VOC_Ohm65499___Noise_dBA58___Co2_ppm726
[21:19:00] Temperature_C:32.14___Pressure_Pa100675___Humidity_RH63___VOC_Ohm59222___Noise_dBA58.5___Co2_ppm729
[21:20:00] Temperature_C:32.15___Pressure_Pa100674___Humidity_RH63___VOC_Ohm65487___Noise_dBA56.5___Co2_ppm731
[21:21:00] Temperature_C:32.16___Pressure_Pa100673___Humidity_RH63___VOC_Ohm2070___Noise_dBA57___Co2_ppm732
[21:22:00] Temperature_C:32.19___Pressure_Pa100672___Humidity_RH63___VOC_Ohm3669___Noise_dBA56.5___Co2_ppm729
[21:23:00] Temperature_C:32.2___Pressure_Pa100675___Humidity_RH63___VOC_Ohm2290___Noise_dBA56___Co2_ppm727
[21:24:00] Temperature_C:32.23___Pressure_Pa100675___Humidity_RH63___VOC_Ohm61382___Noise_dBA55___Co2_ppm727
[21:25:00] Temperature_C:32.25___Pressure_Pa100677___Humidity_RH62.5___VOC_Ohm63412___Noise_dBA57.5___Co2_ppm729
[21:26:00] Temperature_C:32.27___Pressure_Pa100676___Humidity_RH62.5___VOC_Ohm59146___Noise_dBA57.5___Co2_ppm727
[21:27:00] Temperature_C:32.29___Pressure_Pa100672___Humidity_RH62.5___VOC_Ohm63421___Noise_dBA55___Co2_ppm719
[21:28:00] Temperature_C:32.31___Pressure_Pa100669___Humidity_RH62.5___VOC_Ohm2447___Noise_dBA57___Co2_ppm716
[21:29:00] Temperature_C:32.33___Pressure_Pa100667___Humidity_RH62.5___VOC_Ohm63318___Noise_dBA56___Co2_ppm714
[21:30:00] Temperature_C:32.34___Pressure_Pa100664___Humidity_RH62.5___VOC_Ohm6616___Noise_dBA57.5___Co2_ppm712
[21:31:00] Temperature_C:32.34___Pressure_Pa100663___Humidity_RH62.5___VOC_Ohm6531___Noise_dBA56.5___Co2_ppm714
[21:32:00] Temperature_C:32.33___Pressure_Pa100663___Humidity_RH62.5___VOC_Ohm3658___Noise_dBA56.5___Co2_ppm716
[21:33:00] Temperature_C:32.28___Pressure_Pa100663___Humidity_RH62.5___VOC_Ohm3291___Noise_dBA55___Co2_ppm717
[21:34:00] Temperature_C:32.24___Pressure_Pa100662___Humidity_RH62.5___VOC_Ohm11361___Noise_dBA56___Co2_ppm714
[21:35:00] Temperature_C:32.19___Pressure_Pa100661___Humidity_RH62.5___VOC_Ohm2344___Noise_dBA56___Co2_ppm714
[21:36:00] Temperature_C:32.15___Pressure_Pa100662___Humidity_RH62.5___VOC_Ohm7054___Noise_dBA57___Co2_ppm713
[21:37:00] Temperature_C:32.1___Pressure_Pa100662___Humidity_RH63___VOC_Ohm10267___Noise_dBA57.5___Co2_ppm712
[21:38:00] Temperature_C:32.05___Pressure_Pa100660___Humidity_RH63___VOC_Ohm11151___Noise_dBA55___Co2_ppm712
[21:39:00] Temperature_C:32.02___Pressure_Pa100660___Humidity_RH63___VOC_Ohm7989___Noise_dBA58.5___Co2_ppm717
[21:40:00] Temperature_C:32___Pressure_Pa100660___Humidity_RH63___VOC_Ohm10413___Noise_dBA57.5___Co2_ppm718
[21:41:00] Temperature_C:31.98___Pressure_Pa100659___Humidity_RH63___VOC_Ohm7564___Noise_dBA55.5___Co2_ppm715
[21:42:00] Temperature_C:31.96___Pressure_Pa100659___Humidity_RH63___VOC_Ohm15391___Noise_dBA56.5___Co2_ppm714
[21:43:00] Temperature_C:31.94___Pressure_Pa100658___Humidity_RH63___VOC_Ohm15353___Noise_dBA56.5___Co2_ppm711
[21:44:00] Temperature_C:31.92___Pressure_Pa100660___Humidity_RH63___VOC_Ohm19305___Noise_dBA57.5___Co2_ppm707
[21:45:00] Temperature_C:31.9___Pressure_Pa100661___Humidity_RH63___VOC_Ohm7492___Noise_dBA56.5___Co2_ppm706
[21:46:00] Temperature_C:31.9___Pressure_Pa100661___Humidity_RH63___VOC_Ohm16105___Noise_dBA56.5___Co2_ppm705
[21:47:00] Temperature_C:31.88___Pressure_Pa100663___Humidity_RH63___VOC_Ohm20145___Noise_dBA56___Co2_ppm707
[21:48:00] Temperature_C:31.87___Pressure_Pa100662___Humidity_RH63___VOC_Ohm19547___Noise_dBA57___Co2_ppm706
[21:49:00] Temperature_C:31.86___Pressure_Pa100661___Humidity_RH63___VOC_Ohm24365___Noise_dBA57.5___Co2_ppm703
[21:50:00] Temperature_C:31.86___Pressure_Pa100662___Humidity_RH63___VOC_Ohm22757___Noise_dBA56___Co2_ppm702
[21:51:00] Temperature_C:31.85___Pressure_Pa100663___Humidity_RH63___VOC_Ohm23940___Noise_dBA56___Co2_ppm705
[21:52:00] Temperature_C:31.85___Pressure_Pa100662___Humidity_RH63.5___VOC_Ohm22699___Noise_dBA57___Co2_ppm711
[21:53:00] Temperature_C:31.83___Pressure_Pa100661___Humidity_RH64___VOC_Ohm23069___Noise_dBA56.5___Co2_ppm717
[21:54:00] Temperature_C:31.78___Pressure_Pa100660___Humidity_RH64.5___VOC_Ohm19125___Noise_dBA57___Co2_ppm716
[21:55:00] Temperature_C:31.74___Pressure_Pa100661___Humidity_RH64.5___VOC_Ohm23054___Noise_dBA56___Co2_ppm712
[21:56:00] Temperature_C:31.69___Pressure_Pa100660___Humidity_RH65___VOC_Ohm27799___Noise_dBA56.5___Co2_ppm713
[21:57:00] Temperature_C:31.66___Pressure_Pa100659___Humidity_RH65___VOC_Ohm27083___Noise_dBA59___Co2_ppm715
[21:58:00] Temperature_C:31.63___Pressure_Pa100659___Humidity_RH65.5___VOC_Ohm24061___Noise_dBA57___Co2_ppm717
[21:59:00] Temperature_C:31.59___Pressure_Pa100660___Humidity_RH65.5___VOC_Ohm28186___Noise_dBA60___Co2_ppm714
[22:00:00] Temperature_C:31.56___Pressure_Pa100660___Humidity_RH66___VOC_Ohm32063___Noise_dBA59.5___Co2_ppm721
[22:01:00] Temperature_C:31.53___Pressure_Pa100659___Humidity_RH66___VOC_Ohm32526___Noise_dBA61.5___Co2_ppm722
[22:02:00] Temperature_C:31.5___Pressure_Pa100659___Humidity_RH66___VOC_Ohm27604___Noise_dBA58___Co2_ppm722
[22:03:00] Temperature_C:31.47___Pressure_Pa100657___Humidity_RH66.5___VOC_Ohm31755___Noise_dBA60___Co2_ppm725
[22:04:00] Temperature_C:31.45___Pressure_Pa100657___Humidity_RH66.5___VOC_Ohm28277___Noise_dBA59.5___Co2_ppm725
[22:05:00] Temperature_C:31.43___Pressure_Pa100657___Humidity_RH66.5___VOC_Ohm27148___Noise_dBA59.5___Co2_ppm728
[22:06:00] Temperature_C:31.42___Pressure_Pa100657___Humidity_RH67___VOC_Ohm27704___Noise_dBA60.5___Co2_ppm722
[22:07:00] Temperature_C:31.41___Pressure_Pa100656___Humidity_RH67___VOC_Ohm36044___Noise_dBA60___Co2_ppm721
[22:08:00] Temperature_C:31.4___Pressure_Pa100657___Humidity_RH67___VOC_Ohm28278___Noise_dBA62.5___Co2_ppm728
[22:09:00] Temperature_C:31.39___Pressure_Pa100658___Humidity_RH67___VOC_Ohm39001___Noise_dBA59___Co2_ppm730
[22:10:00] Temperature_C:31.38___Pressure_Pa100657___Humidity_RH67.5___VOC_Ohm36377___Noise_dBA59.5___Co2_ppm731
[22:11:00] Temperature_C:31.36___Pressure_Pa100656___Humidity_RH67.5___VOC_Ohm23517___Noise_dBA59___Co2_ppm728
[22:12:00] Temperature_C:31.36___Pressure_Pa100656___Humidity_RH67.5___VOC_Ohm34819___Noise_dBA57.5___Co2_ppm730
[22:13:00] Temperature_C:31.34___Pressure_Pa100653___Humidity_RH68___VOC_Ohm35937___Noise_dBA57.5___Co2_ppm733
[22:14:00] Temperature_C:31.32___Pressure_Pa100652___Humidity_RH68___VOC_Ohm35318___Noise_dBA61___Co2_ppm741
[22:15:00] Temperature_C:31.29___Pressure_Pa100649___Humidity_RH68___VOC_Ohm35890___Noise_dBA59.5___Co2_ppm742
[22:16:00] Temperature_C:31.29___Pressure_Pa100648___Humidity_RH68___VOC_Ohm39947___Noise_dBA60.5___Co2_ppm743
[22:17:00] Temperature_C:31.27___Pressure_Pa100647___Humidity_RH68.5___VOC_Ohm30751___Noise_dBA59___Co2_ppm746
[22:18:00] Temperature_C:31.25___Pressure_Pa100645___Humidity_RH68.5___VOC_Ohm35253___Noise_dBA60___Co2_ppm750
[22:19:00] Temperature_C:31.24___Pressure_Pa100642___Humidity_RH68.5___VOC_Ohm35563___Noise_dBA60___Co2_ppm744
[22:20:00] Temperature_C:31.23___Pressure_Pa100640___Humidity_RH68.5___VOC_Ohm27348___Noise_dBA58.5___Co2_ppm740
[22:21:00] Temperature_C:31.22___Pressure_Pa100640___Humidity_RH68.5___VOC_Ohm32584___Noise_dBA63___Co2_ppm742
[22:22:00] Temperature_C:31.2___Pressure_Pa100640___Humidity_RH68.5___VOC_Ohm28490___Noise_dBA59___Co2_ppm743
[22:23:00] Temperature_C:31.17___Pressure_Pa100639___Humidity_RH69___VOC_Ohm35574___Noise_dBA60.5___Co2_ppm746
[22:24:00] Temperature_C:31.16___Pressure_Pa100638___Humidity_RH69___VOC_Ohm27754___Noise_dBA61.5___Co2_ppm750
[22:25:00] Temperature_C:31.15___Pressure_Pa100638___Humidity_RH69___VOC_Ohm31008___Noise_dBA60.5___Co2_ppm755
[22:26:00] Temperature_C:31.13___Pressure_Pa100632___Humidity_RH69___VOC_Ohm27902___Noise_dBA58___Co2_ppm753
[22:27:00] Temperature_C:31.11___Pressure_Pa100631___Humidity_RH69.5___VOC_Ohm31549___Noise_dBA58___Co2_ppm751
[22:28:00] Temperature_C:31.09___Pressure_Pa100630___Humidity_RH69.5___VOC_Ohm26883___Noise_dBA59.5___Co2_ppm751
[22:29:00] Temperature_C:31.1___Pressure_Pa100634___Humidity_RH69.5___VOC_Ohm28482___Noise_dBA62___Co2_ppm753
[22:30:00] Temperature_C:31.1___Pressure_Pa100636___Humidity_RH69.5___VOC_Ohm28196___Noise_dBA58___Co2_ppm754
[22:31:00] Temperature_C:31.1___Pressure_Pa100637___Humidity_RH69.5___VOC_Ohm26909___Noise_dBA60___Co2_ppm755
[22:32:00] Temperature_C:31.1___Pressure_Pa100638___Humidity_RH69.5___VOC_Ohm31397___Noise_dBA56___Co2_ppm758
[22:33:00] Temperature_C:31.12___Pressure_Pa100639___Humidity_RH69.5___VOC_Ohm40336___Noise_dBA58___Co2_ppm761
[22:34:00] Temperature_C:31.18___Pressure_Pa100645___Humidity_RH69___VOC_Ohm31218___Noise_dBA56___Co2_ppm758
[22:35:00] Temperature_C:31.24___Pressure_Pa100645___Humidity_RH69___VOC_Ohm36549___Noise_dBA57___Co2_ppm765
[22:36:00] Temperature_C:31.31___Pressure_Pa100649___Humidity_RH68.5___VOC_Ohm40780___Noise_dBA57___Co2_ppm764
[22:37:00] Temperature_C:31.37___Pressure_Pa100650___Humidity_RH68.5___VOC_Ohm36484___Noise_dBA56___Co2_ppm764
[22:38:00] Temperature_C:31.42___Pressure_Pa100651___Humidity_RH68.5___VOC_Ohm35983___Noise_dBA57___Co2_ppm765
[22:39:00] Temperature_C:31.47___Pressure_Pa100653___Humidity_RH68___VOC_Ohm34953___Noise_dBA56___Co2_ppm762
[22:40:00] Temperature_C:31.53___Pressure_Pa100658___Humidity_RH68___VOC_Ohm43407___Noise_dBA56.5___Co2_ppm760
[22:41:00] Temperature_C:31.56___Pressure_Pa100663___Humidity_RH68___VOC_Ohm40872___Noise_dBA56.5___Co2_ppm763
[22:42:00] Temperature_C:31.59___Pressure_Pa100663___Humidity_RH68___VOC_Ohm43700___Noise_dBA56.5___Co2_ppm767
[22:43:00] Temperature_C:31.62___Pressure_Pa100662___Humidity_RH68___VOC_Ohm48100___Noise_dBA57___Co2_ppm768
[22:44:00] Temperature_C:31.65___Pressure_Pa100662___Humidity_RH67.5___VOC_Ohm39522___Noise_dBA57___Co2_ppm761
[22:45:00] Temperature_C:31.69___Pressure_Pa100662___Humidity_RH67.5___VOC_Ohm43301___Noise_dBA56.5___Co2_ppm758
[22:46:00] Temperature_C:31.71___Pressure_Pa100662___Humidity_RH67.5___VOC_Ohm48353___Noise_dBA57.5___Co2_ppm756
[22:47:00] Temperature_C:31.73___Pressure_Pa100658___Humidity_RH67.5___VOC_Ohm40685___Noise_dBA56___Co2_ppm761
[22:48:00] Temperature_C:31.75___Pressure_Pa100656___Humidity_RH67.5___VOC_Ohm44306___Noise_dBA56___Co2_ppm768
[22:49:00] Temperature_C:31.76___Pressure_Pa100652___Humidity_RH68___VOC_Ohm43275___Noise_dBA58___Co2_ppm770
[22:50:00] Temperature_C:31.78___Pressure_Pa100650___Humidity_RH68___VOC_Ohm48930___Noise_dBA56___Co2_ppm773
[22:51:00] Temperature_C:31.8___Pressure_Pa100648___Humidity_RH68___VOC_Ohm44827___Noise_dBA56___Co2_ppm774
[22:52:00] Temperature_C:31.81___Pressure_Pa100646___Humidity_RH68___VOC_Ohm40713___Noise_dBA56.5___Co2_ppm772
[22:53:00] Temperature_C:31.83___Pressure_Pa100642___Humidity_RH68___VOC_Ohm36464___Noise_dBA57___Co2_ppm771
[22:54:00] Temperature_C:31.84___Pressure_Pa100639___Humidity_RH68___VOC_Ohm44883___Noise_dBA56___Co2_ppm768
[22:00:03] Temperature_C:30.25___Pressure_Pa100721___Humidity_RH69.5___VOC_Ohm57063___Noise_dBA62.5___Co2_ppm616
[22:01:03] Temperature_C:30.29___Pressure_Pa100719___Humidity_RH69.5___VOC_Ohm8136___Noise_dBA62.5___Co2_ppm634
[22:02:03] Temperature_C:30.33___Pressure_Pa100720___Humidity_RH69.5___VOC_Ohm3062___Noise_dBA62.5___Co2_ppm633
[22:03:03] Temperature_C:30.36___Pressure_Pa100718___Humidity_RH69.5___VOC_Ohm59920___Noise_dBA63.5___Co2_ppm632
[22:04:03] Temperature_C:30.39___Pressure_Pa100721___Humidity_RH69.5___VOC_Ohm60152___Noise_dBA64___Co2_ppm633
[22:05:03] Temperature_C:30.42___Pressure_Pa100722___Humidity_RH69.5___VOC_Ohm65511___Noise_dBA67___Co2_ppm637
[22:06:03] Temperature_C:30.44___Pressure_Pa100721___Humidity_RH69.5___VOC_Ohm56100___Noise_dBA66___Co2_ppm635
[22:07:03] Temperature_C:30.47___Pressure_Pa100720___Humidity_RH69.5___VOC_Ohm60120___Noise_dBA63___Co2_ppm642
[22:08:03] Temperature_C:30.48___Pressure_Pa100721___Humidity_RH69.5___VOC_Ohm61260___Noise_dBA61___Co2_ppm650
[22:09:03] Temperature_C:30.49___Pressure_Pa100720___Humidity_RH69.5___VOC_Ohm57074___Noise_dBA63___Co2_ppm650
[22:10:03] Temperature_C:30.5___Pressure_Pa100719___Humidity_RH69.5___VOC_Ohm53245___Noise_dBA62___Co2_ppm648
[22:11:03] Temperature_C:30.54___Pressure_Pa100721___Humidity_RH69.5___VOC_Ohm48109___Noise_dBA60.5___Co2_ppm651
[22:12:03] Temperature_C:30.57___Pressure_Pa100720___Humidity_RH69___VOC_Ohm44767___Noise_dBA62___Co2_ppm648
[22:13:03] Temperature_C:30.6___Pressure_Pa100719___Humidity_RH69___VOC_Ohm36707___Noise_dBA63.5___Co2_ppm649
[22:14:03] Temperature_C:30.66___Pressure_Pa100720___Humidity_RH69___VOC_Ohm36414___Noise_dBA61.5___Co2_ppm649
[22:15:03] Temperature_C:30.71___Pressure_Pa100719___Humidity_RH69___VOC_Ohm35615___Noise_dBA62___Co2_ppm648
[22:16:03] Temperature_C:30.8___Pressure_Pa100723___Humidity_RH68.5___VOC_Ohm19193___Noise_dBA61___Co2_ppm649
[22:17:03] Temperature_C:30.86___Pressure_Pa100722___Humidity_RH68.5___VOC_Ohm23119___Noise_dBA64___Co2_ppm654
[22:18:03] Temperature_C:30.91___Pressure_Pa100724___Humidity_RH68.5___VOC_Ohm15004___Noise_dBA61.5___Co2_ppm652
[22:19:03] Temperature_C:30.95___Pressure_Pa100727___Humidity_RH68___VOC_Ohm7133___Noise_dBA60.5___Co2_ppm650
[22:20:03] Temperature_C:30.97___Pressure_Pa100727___Humidity_RH68.5___VOC_Ohm15242___Noise_dBA62.5___Co2_ppm650
[22:21:03] Temperature_C:30.99___Pressure_Pa100729___Humidity_RH68.5___VOC_Ohm3815___Noise_dBA64___Co2_ppm651
[22:22:03] Temperature_C:31___Pressure_Pa100728___Humidity_RH68.5___VOC_Ohm61229___Noise_dBA61.5___Co2_ppm654
[22:23:03] Temperature_C:31.02___Pressure_Pa100729___Humidity_RH68.5___VOC_Ohm64274___Noise_dBA60.5___Co2_ppm656
[22:24:03] Temperature_C:31.05___Pressure_Pa100729___Humidity_RH68.5___VOC_Ohm65450___Noise_dBA61___Co2_ppm658
[22:25:03] Temperature_C:31.06___Pressure_Pa100728___Humidity_RH68.5___VOC_Ohm55701___Noise_dBA62.5___Co2_ppm654
[22:26:03] Temperature_C:31.06___Pressure_Pa100726___Humidity_RH68.5___VOC_Ohm51493___Noise_dBA61___Co2_ppm655
[22:27:03] Temperature_C:31.07___Pressure_Pa100723___Humidity_RH68.5___VOC_Ohm55686___Noise_dBA63___Co2_ppm655
[22:28:03] Temperature_C:31.08___Pressure_Pa100723___Humidity_RH68.5___VOC_Ohm53047___Noise_dBA60.5___Co2_ppm652
[22:29:03] Temperature_C:31.08___Pressure_Pa100722___Humidity_RH68.5___VOC_Ohm51488___Noise_dBA61___Co2_ppm653
[22:30:03] Temperature_C:31.1___Pressure_Pa100724___Humidity_RH68.5___VOC_Ohm43283___Noise_dBA58.5___Co2_ppm651
[22:31:03] Temperature_C:31.11___Pressure_Pa100722___Humidity_RH68.5___VOC_Ohm35696___Noise_dBA59___Co2_ppm655
[22:32:03] Temperature_C:31.13___Pressure_Pa100722___Humidity_RH68.5___VOC_Ohm32530___Noise_dBA61___Co2_ppm654
[22:33:03] Temperature_C:31.14___Pressure_Pa100724___Humidity_RH68.5___VOC_Ohm31524___Noise_dBA61___Co2_ppm656
[22:34:03] Temperature_C:31.14___Pressure_Pa100722___Humidity_RH68.5___VOC_Ohm28487___Noise_dBA59___Co2_ppm657
[22:35:03] Temperature_C:31.12___Pressure_Pa100719___Humidity_RH68.5___VOC_Ohm28096___Noise_dBA59.5___Co2_ppm654
[22:36:03] Temperature_C:31.11___Pressure_Pa100717___Humidity_RH68.5___VOC_Ohm22847___Noise_dBA62___Co2_ppm651
[22:37:03] Temperature_C:31.14___Pressure_Pa100720___Humidity_RH68.5___VOC_Ohm27605___Noise_dBA61___Co2_ppm651
[22:38:03] Temperature_C:31.16___Pressure_Pa100719___Humidity_RH68.5___VOC_Ohm32171___Noise_dBA59.5___Co2_ppm653
[22:39:03] Temperature_C:31.18___Pressure_Pa100718___Humidity_RH68.5___VOC_Ohm32582___Noise_dBA60___Co2_ppm655
[22:40:03] Temperature_C:31.19___Pressure_Pa100716___Humidity_RH68.5___VOC_Ohm31491___Noise_dBA60___Co2_ppm657
[22:41:03] Temperature_C:31.19___Pressure_Pa100715___Humidity_RH68.5___VOC_Ohm32077___Noise_dBA60___Co2_ppm662
[22:42:03] Temperature_C:31.2___Pressure_Pa100713___Humidity_RH68.5___VOC_Ohm35611___Noise_dBA59___Co2_ppm659
[22:43:03] Temperature_C:31.19___Pressure_Pa100710___Humidity_RH68.5___VOC_Ohm40274___Noise_dBA59___Co2_ppm657
[22:44:03] Temperature_C:31.18___Pressure_Pa100709___Humidity_RH68.5___VOC_Ohm44358___Noise_dBA59___Co2_ppm655
[22:45:03] Temperature_C:31.17___Pressure_Pa100706___Humidity_RH68.5___VOC_Ohm44488___Noise_dBA60.5___Co2_ppm652
[22:46:03] Temperature_C:31.15___Pressure_Pa100706___Humidity_RH68.5___VOC_Ohm36794___Noise_dBA59___Co2_ppm651
[22:47:03] Temperature_C:31.12___Pressure_Pa100702___Humidity_RH68.5___VOC_Ohm40380___Noise_dBA60___Co2_ppm652
[22:48:03] Temperature_C:31.09___Pressure_Pa100701___Humidity_RH68.5___VOC_Ohm43971___Noise_dBA60.5___Co2_ppm649
[22:49:03] Temperature_C:31.07___Pressure_Pa100698___Humidity_RH68.5___VOC_Ohm43922___Noise_dBA60___Co2_ppm645
[22:50:03] Temperature_C:31.07___Pressure_Pa100697___Humidity_RH68.5___VOC_Ohm43863___Noise_dBA61.5___Co2_ppm648
[22:51:03] Temperature_C:31.07___Pressure_Pa100695___Humidity_RH68.5___VOC_Ohm48414___Noise_dBA61___Co2_ppm651
[22:52:03] Temperature_C:31.08___Pressure_Pa100695___Humidity_RH68.5___VOC_Ohm48429___Noise_dBA62.5___Co2_ppm650
[22:53:03] Temperature_C:31.09___Pressure_Pa100695___Humidity_RH68.5___VOC_Ohm47557___Noise_dBA59___Co2_ppm649
[22:54:03] Temperature_C:31.1___Pressure_Pa100696___Humidity_RH68.5___VOC_Ohm47892___Noise_dBA59.5___Co2_ppm647
[22:55:03] Temperature_C:31.13___Pressure_Pa100697___Humidity_RH68.5___VOC_Ohm52213___Noise_dBA59___Co2_ppm647
[22:56:03] Temperature_C:31.18___Pressure_Pa100697___Humidity_RH68.5___VOC_Ohm55582___Noise_dBA60___Co2_ppm651
[22:57:03] Temperature_C:31.25___Pressure_Pa100695___Humidity_RH68.5___VOC_Ohm47424___Noise_dBA61___Co2_ppm657
[22:58:03] Temperature_C:31.34___Pressure_Pa100696___Humidity_RH68___VOC_Ohm48997___Noise_dBA58.5___Co2_ppm661
[22:59:03] Temperature_C:31.41___Pressure_Pa100695___Humidity_RH68___VOC_Ohm39246___Noise_dBA61___Co2_ppm662
[23:00:03] Temperature_C:31.48___Pressure_Pa100695___Humidity_RH68___VOC_Ohm47509___Noise_dBA59.5___Co2_ppm658
[23:01:03] Temperature_C:31.55___Pressure_Pa100697___Humidity_RH67.5___VOC_Ohm48074___Noise_dBA59.5___Co2_ppm654
[23:02:03] Temperature_C:31.6___Pressure_Pa100696___Humidity_RH67.5___VOC_Ohm49074___Noise_dBA58.5___Co2_ppm656
[23:03:03] Temperature_C:31.65___Pressure_Pa100693___Humidity_RH67.5___VOC_Ohm55799___Noise_dBA58___Co2_ppm654
[23:04:03] Temperature_C:31.7___Pressure_Pa100693___Humidity_RH67.5___VOC_Ohm53124___Noise_dBA59___Co2_ppm654
[23:05:03] Temperature_C:31.74___Pressure_Pa100692___Humidity_RH67___VOC_Ohm56092___Noise_dBA59___Co2_ppm658
[23:06:03] Temperature_C:31.79___Pressure_Pa100690___Humidity_RH67___VOC_Ohm56187___Noise_dBA58.5___Co2_ppm662
[23:07:03] Temperature_C:31.82___Pressure_Pa100687___Humidity_RH67___VOC_Ohm48462___Noise_dBA58.5___Co2_ppm659
[23:08:03] Temperature_C:31.85___Pressure_Pa100683___Humidity_RH67___VOC_Ohm56754___Noise_dBA59___Co2_ppm658
[18:33:59] Temperature_C:32.49___Pressure_Pa100589___Humidity_RH59.5___VOC_Ohm51.384___Noise_dBA60___Co2_ppm540
[18:34:58] Temperature_C:32.52___Pressure_Pa100591___Humidity_RH59.5___VOC_Ohm60.657___Noise_dBA61.5___Co2_ppm548
[18:35:58] Temperature_C:32.54___Pressure_Pa100590___Humidity_RH59.5___VOC_Ohm40.287___Noise_dBA60___Co2_ppm554
[18:36:58] Temperature_C:32.54___Pressure_Pa100590___Humidity_RH59___VOC_Ohm15.297___Noise_dBA59.5___Co2_ppm554
[18:37:58] Temperature_C:32.54___Pressure_Pa100591___Humidity_RH59___VOC_Ohm48.126___Noise_dBA63.5___Co2_ppm546
[18:38:58] Temperature_C:32.56___Pressure_Pa100593___Humidity_RH59___VOC_Ohm11.232___Noise_dBA60.5___Co2_ppm544
[18:39:58] Temperature_C:32.57___Pressure_Pa100595___Humidity_RH58.5___VOC_Ohm3.974___Noise_dBA61.5___Co2_ppm541
[18:40:58] Temperature_C:32.57___Pressure_Pa100596___Humidity_RH58.5___VOC_Ohm36.82___Noise_dBA60.5___Co2_ppm537
[18:41:58] Temperature_C:32.58___Pressure_Pa100598___Humidity_RH58.5___VOC_Ohm3.635___Noise_dBA58.5___Co2_ppm528
[18:42:58] Temperature_C:32.57___Pressure_Pa100599___Humidity_RH58.5___VOC_Ohm35.316___Noise_dBA59.5___Co2_ppm527
[18:43:58] Temperature_C:32.57___Pressure_Pa100601___Humidity_RH58.5___VOC_Ohm22.959___Noise_dBA62.5___Co2_ppm527
[22:14:36] Temperature_C:29.62___Pressure_Pa100402___Humidity_RH69.5___VOC_Ohm65.4___Noise_dBA62.5___Co2_ppm665
[22:15:36] Temperature_C:29.75___Pressure_Pa100401___Humidity_RH69.5___VOC_Ohm27.1___Noise_dBA61.5___Co2_ppm654
[22:16:37] Temperature_C:29.84___Pressure_Pa100405___Humidity_RH69___VOC_Ohm52.3___Noise_dBA59.5___Co2_ppm650
[22:17:36] Temperature_C:29.91___Pressure_Pa100407___Humidity_RH69___VOC_Ohm14.7___Noise_dBA58.5___Co2_ppm644
[22:18:37] Temperature_C:29.97___Pressure_Pa100405___Humidity_RH68.5___VOC_Ohm31.5___Noise_dBA59___Co2_ppm638
[22:19:36] Temperature_C:30.03___Pressure_Pa100406___Humidity_RH68.5___VOC_Ohm44.9___Noise_dBA58___Co2_ppm636
[22:20:36] Temperature_C:30.07___Pressure_Pa100407___Humidity_RH68___VOC_Ohm56.8___Noise_dBA57.5___Co2_ppm629
[22:21:36] Temperature_C:30.12___Pressure_Pa100408___Humidity_RH68___VOC_Ohm7.8___Noise_dBA60.5___Co2_ppm626
[22:22:36] Temperature_C:30.16___Pressure_Pa100409___Humidity_RH68___VOC_Ohm16.3___Noise_dBA58.5___Co2_ppm624
[22:23:36] Temperature_C:30.2___Pressure_Pa100407___Humidity_RH68___VOC_Ohm20.4___Noise_dBA59___Co2_ppm620
[22:24:36] Temperature_C:30.24___Pressure_Pa100407___Humidity_RH67.5___VOC_Ohm32.7___Noise_dBA59.5___Co2_ppm619
[22:25:36] Temperature_C:30.34___Pressure_Pa100403___Humidity_RH67.5___VOC_Ohm40.5___Noise_dBA59___Co2_ppm614
[22:26:36] Temperature_C:30.43___Pressure_Pa100404___Humidity_RH67___VOC_Ohm40.5___Noise_dBA58___Co2_ppm607
[22:27:37] Temperature_C:30.55___Pressure_Pa100403___Humidity_RH67___VOC_Ohm43.9___Noise_dBA58.5___Co2_ppm611
[22:28:36] Temperature_C:30.65___Pressure_Pa100402___Humidity_RH66.5___VOC_Ohm52.0___Noise_dBA57___Co2_ppm612
[22:29:36] Temperature_C:30.74___Pressure_Pa100401___Humidity_RH66.5___VOC_Ohm56.3___Noise_dBA58___Co2_ppm612
[22:30:36] Temperature_C:30.82___Pressure_Pa100402___Humidity_RH66.5___VOC_Ohm52.9___Noise_dBA56.5___Co2_ppm612
[22:31:36] Temperature_C:30.89___Pressure_Pa100399___Humidity_RH66___VOC_Ohm60.4___Noise_dBA58.5___Co2_ppm612
[22:32:36] Temperature_C:30.95___Pressure_Pa100400___Humidity_RH66___VOC_Ohm65.1___Noise_dBA58___Co2_ppm615
[22:33:36] Temperature_C:31.01___Pressure_Pa100401___Humidity_RH66___VOC_Ohm61.0___Noise_dBA58___Co2_ppm615
[22:34:36] Temperature_C:31.07___Pressure_Pa100398___Humidity_RH65.5___VOC_Ohm3.1___Noise_dBA55.5___Co2_ppm615
[22:35:36] Temperature_C:31.1___Pressure_Pa100397___Humidity_RH65.5___VOC_Ohm65.5___Noise_dBA58.5___Co2_ppm611
[22:36:36] Temperature_C:31.14___Pressure_Pa100399___Humidity_RH65.5___VOC_Ohm3.0___Noise_dBA57.5___Co2_ppm608
[22:37:36] Temperature_C:31.18___Pressure_Pa100397___Humidity_RH65.5___VOC_Ohm3.1___Noise_dBA59___Co2_ppm607
[22:38:36] Temperature_C:31.2___Pressure_Pa100395___Humidity_RH65.5___VOC_Ohm7.2___Noise_dBA57___Co2_ppm611
[22:39:36] Temperature_C:31.22___Pressure_Pa100397___Humidity_RH65.5___VOC_Ohm7.9___Noise_dBA57.5___Co2_ppm612
[22:40:36] Temperature_C:31.24___Pressure_Pa100395___Humidity_RH65___VOC_Ohm11.0___Noise_dBA58___Co2_ppm606
[22:41:36] Temperature_C:31.26___Pressure_Pa100396___Humidity_RH65___VOC_Ohm12.3___Noise_dBA56.5___Co2_ppm603
[22:42:36] Temperature_C:31.29___Pressure_Pa100395___Humidity_RH65___VOC_Ohm8.1___Noise_dBA57___Co2_ppm600
[22:43:36] Temperature_C:31.33___Pressure_Pa100397___Humidity_RH65___VOC_Ohm7.1___Noise_dBA57___Co2_ppm595
[22:44:36] Temperature_C:31.35___Pressure_Pa100398___Humidity_RH65___VOC_Ohm16.2___Noise_dBA58.5___Co2_ppm595
[22:45:36] Temperature_C:31.37___Pressure_Pa100400___Humidity_RH65___VOC_Ohm16.2___Noise_dBA57___Co2_ppm596
[22:46:36] Temperature_C:31.39___Pressure_Pa100399___Humidity_RH65___VOC_Ohm20.5___Noise_dBA57___Co2_ppm599
[22:47:36] Temperature_C:31.41___Pressure_Pa100399___Humidity_RH65___VOC_Ohm16.3___Noise_dBA59___Co2_ppm600
[22:48:36] Temperature_C:31.43___Pressure_Pa100399___Humidity_RH64.5___VOC_Ohm8.1___Noise_dBA57___Co2_ppm603
[22:49:36] Temperature_C:31.45___Pressure_Pa100400___Humidity_RH64.5___VOC_Ohm15.2___Noise_dBA57___Co2_ppm606
[22:50:36] Temperature_C:31.46___Pressure_Pa100398___Humidity_RH64.5___VOC_Ohm19.4___Noise_dBA58___Co2_ppm604
[22:51:36] Temperature_C:31.48___Pressure_Pa100393___Humidity_RH64.5___VOC_Ohm20.4___Noise_dBA57___Co2_ppm603
[22:52:36] Temperature_C:31.49___Pressure_Pa100393___Humidity_RH64.5___VOC_Ohm15.3___Noise_dBA56.5___Co2_ppm604
[22:53:36] Temperature_C:31.5___Pressure_Pa100394___Humidity_RH64.5___VOC_Ohm15.2___Noise_dBA58.5___Co2_ppm606
[22:54:36] Temperature_C:31.51___Pressure_Pa100392___Humidity_RH64.5___VOC_Ohm7.1___Noise_dBA58___Co2_ppm608
[22:55:36] Temperature_C:31.53___Pressure_Pa100393___Humidity_RH64.5___VOC_Ohm65.2___Noise_dBA59___Co2_ppm614
[22:56:36] Temperature_C:31.54___Pressure_Pa100392___Humidity_RH64.5___VOC_Ohm64.3___Noise_dBA57.5___Co2_ppm618
[22:57:36] Temperature_C:31.54___Pressure_Pa100394___Humidity_RH64.5___VOC_Ohm64.3___Noise_dBA58___Co2_ppm618
[22:58:36] Temperature_C:31.56___Pressure_Pa100394___Humidity_RH64.5___VOC_Ohm60.3___Noise_dBA57___Co2_ppm622
[22:59:36] Temperature_C:31.57___Pressure_Pa100394___Humidity_RH65___VOC_Ohm56.2___Noise_dBA57___Co2_ppm627
[23:00:36] Temperature_C:31.58___Pressure_Pa100393___Humidity_RH65___VOC_Ohm52.8___Noise_dBA56.5___Co2_ppm630
[23:01:36] Temperature_C:31.61___Pressure_Pa100395___Humidity_RH65___VOC_Ohm57.1___Noise_dBA58___Co2_ppm634
[23:02:36] Temperature_C:31.62___Pressure_Pa100398___Humidity_RH65___VOC_Ohm52.8___Noise_dBA55.5___Co2_ppm641
[23:03:36] Temperature_C:31.63___Pressure_Pa100394___Humidity_RH65___VOC_Ohm48.0___Noise_dBA58___Co2_ppm648
[23:04:36] Temperature_C:31.65___Pressure_Pa100392___Humidity_RH65___VOC_Ohm44.6___Noise_dBA56___Co2_ppm651
[23:05:36] Temperature_C:31.66___Pressure_Pa100390___Humidity_RH65___VOC_Ohm40.5___Noise_dBA59___Co2_ppm648
[23:06:36] Temperature_C:31.65___Pressure_Pa100390___Humidity_RH65___VOC_Ohm44.0___Noise_dBA57.5___Co2_ppm644
[23:07:36] Temperature_C:31.66___Pressure_Pa100388___Humidity_RH65___VOC_Ohm47.7___Noise_dBA57.5___Co2_ppm644
[23:08:36] Temperature_C:31.65___Pressure_Pa100386___Humidity_RH65___VOC_Ohm40.5___Noise_dBA58___Co2_ppm652
[23:09:36] Temperature_C:31.64___Pressure_Pa100386___Humidity_RH65___VOC_Ohm44.8___Noise_dBA57___Co2_ppm650
[23:10:36] Temperature_C:31.63___Pressure_Pa100386___Humidity_RH65___VOC_Ohm39.7___Noise_dBA57.5___Co2_ppm652
[22:24:45] Temperature_C:26.96___Pressure_Pa100579___Humidity_RH78.5___VOC_Ohm3.5___Noise_dBA61.5___Co2_ppm550
[22:25:45] Temperature_C:27.25___Pressure_Pa100581___Humidity_RH78___VOC_Ohm18.4___Noise_dBA59.5___Co2_ppm550
[22:27:45] Temperature_C:28.02___Pressure_Pa100580___Humidity_RH75.5___VOC_Ohm59.6___Noise_dBA62.5___Co2_ppm714
[22:28:45] Temperature_C:28.35___Pressure_Pa100580___Humidity_RH74.5___VOC_Ohm43.9___Noise_dBA60___Co2_ppm705
[22:29:45] Temperature_C:28.65___Pressure_Pa100581___Humidity_RH73.5___VOC_Ohm24.4___Noise_dBA59.5___Co2_ppm697
[22:30:45] Temperature_C:28.92___Pressure_Pa100583___Humidity_RH73___VOC_Ohm43.9___Noise_dBA60___Co2_ppm692
[22:31:45] Temperature_C:29.16___Pressure_Pa100582___Humidity_RH72___VOC_Ohm4.1___Noise_dBA58.5___Co2_ppm689
[22:32:45] Temperature_C:29.37___Pressure_Pa100582___Humidity_RH71.5___VOC_Ohm20.4___Noise_dBA60___Co2_ppm686
[22:33:44] Temperature_C:29.57___Pressure_Pa100583___Humidity_RH71___VOC_Ohm31.6___Noise_dBA60___Co2_ppm684
[22:34:44] Temperature_C:29.74___Pressure_Pa100581___Humidity_RH70.5___VOC_Ohm40.9___Noise_dBA59___Co2_ppm680
[22:35:45] Temperature_C:29.92___Pressure_Pa100584___Humidity_RH70.5___VOC_Ohm40.9___Noise_dBA58.5___Co2_ppm683
[22:36:44] Temperature_C:30.08___Pressure_Pa100583___Humidity_RH70___VOC_Ohm39.8___Noise_dBA60.5___Co2_ppm687
[22:37:44] Temperature_C:30.22___Pressure_Pa100583___Humidity_RH69.5___VOC_Ohm49.1___Noise_dBA59___Co2_ppm686
[22:38:45] Temperature_C:30.36___Pressure_Pa100583___Humidity_RH69.5___VOC_Ohm49.0___Noise_dBA58.5___Co2_ppm685
[22:39:44] Temperature_C:30.48___Pressure_Pa100585___Humidity_RH69___VOC_Ohm49.1___Noise_dBA59.5___Co2_ppm687
